18:26:53.734 [ApplicationImpl pooled thread 25] INFO  c.b.l.BrowserStackRunExtension - maven
18:26:53.736 [ApplicationImpl pooled thread 25] INFO  com.browserstack.utils.Helpers - null
19:35:00.409 [ApplicationImpl pooled thread 88] INFO  c.b.l.BrowserStackRunExtension - maven
19:35:00.409 [ApplicationImpl pooled thread 88] INFO  com.browserstack.utils.Helpers - null
19:35:10.426 [ApplicationImpl pooled thread 87] INFO  c.b.l.BrowserStackRunExtension - maven
19:35:10.426 [ApplicationImpl pooled thread 87] INFO  com.browserstack.utils.Helpers - null
19:35:20.924 [ApplicationImpl pooled thread 93] INFO  c.b.l.BrowserStackRunExtension - maven
19:35:20.924 [ApplicationImpl pooled thread 93] INFO  com.browserstack.utils.Helpers - null
19:44:43.336 [ApplicationImpl pooled thread 119] INFO  c.b.l.BrowserStackRunExtension - junit
19:44:43.337 [ApplicationImpl pooled thread 119] INFO  com.browserstack.utils.Helpers - null
19:44:43.339 [ApplicationImpl pooled thread 119] INFO  c.b.l.BrowserStackRunExtension - Agent path: null
19:47:52.999 [ApplicationImpl pooled thread 128] INFO  c.b.l.BrowserStackRunExtension - junit
19:47:52.999 [ApplicationImpl pooled thread 128] INFO  com.browserstack.utils.Helpers - null
19:47:53.000 [ApplicationImpl pooled thread 128] INFO  c.b.l.BrowserStackRunExtension - Agent path: null
19:49:34.658 [ApplicationImpl pooled thread 117] INFO  c.b.l.BrowserStackRunExtension - junit
19:49:34.658 [ApplicationImpl pooled thread 117] INFO  com.browserstack.utils.Helpers - null
19:49:34.659 [ApplicationImpl pooled thread 117] INFO  c.b.l.BrowserStackRunExtension - Agent path: null
19:53:01.047 [ApplicationImpl pooled thread 130] INFO  c.b.l.BrowserStackRunExtension - maven
19:53:01.047 [ApplicationImpl pooled thread 130] INFO  com.browserstack.utils.Helpers - null
19:53:30.937 [ApplicationImpl pooled thread 125] INFO  c.b.l.BrowserStackRunExtension - maven
19:53:30.937 [ApplicationImpl pooled thread 125] INFO  com.browserstack.utils.Helpers - null
19:55:21.537 [ApplicationImpl pooled thread 131] INFO  c.b.l.BrowserStackRunExtension - junit
19:55:21.538 [ApplicationImpl pooled thread 131] INFO  com.browserstack.utils.Helpers - null
19:55:21.539 [ApplicationImpl pooled thread 131] INFO  c.b.l.BrowserStackRunExtension - Agent path: null
19:55:56.588 [ApplicationImpl pooled thread 125] INFO  c.b.l.BrowserStackRunExtension - junit
19:55:56.588 [ApplicationImpl pooled thread 125] INFO  com.browserstack.utils.Helpers - null
19:55:56.593 [ApplicationImpl pooled thread 125] INFO  c.b.l.BrowserStackRunExtension - Agent path: null
19:56:15.553 [ApplicationImpl pooled thread 90] INFO  c.b.l.BrowserStackRunExtension - junit
19:56:15.553 [ApplicationImpl pooled thread 90] INFO  com.browserstack.utils.Helpers - null
19:56:15.555 [ApplicationImpl pooled thread 90] INFO  c.b.l.BrowserStackRunExtension - Agent path: null
20:02:14.857 [ApplicationImpl pooled thread 130] INFO  c.b.l.BrowserStackRunExtension - junit
20:02:14.857 [ApplicationImpl pooled thread 130] INFO  com.browserstack.utils.Helpers - null
20:02:14.858 [ApplicationImpl pooled thread 130] INFO  c.b.l.BrowserStackRunExtension - Agent path: null
20:06:21.432 [ApplicationImpl pooled thread 129] INFO  c.b.l.BrowserStackRunExtension - junit
20:06:21.432 [ApplicationImpl pooled thread 129] INFO  com.browserstack.utils.Helpers - null
20:06:21.433 [ApplicationImpl pooled thread 129] INFO  c.b.l.BrowserStackRunExtension - Agent path: null
20:17:43.297 [ApplicationImpl pooled thread 148] INFO  c.b.l.BrowserStackRunExtension - junit
20:17:43.297 [ApplicationImpl pooled thread 148] INFO  com.browserstack.utils.Helpers - null
20:17:43.298 [ApplicationImpl pooled thread 148] INFO  c.b.l.BrowserStackRunExtension - Agent path: null
20:35:21.332 [ApplicationImpl pooled thread 28] INFO  c.b.l.BrowserStackRunExtension - maven
20:35:21.334 [ApplicationImpl pooled thread 28] INFO  com.browserstack.utils.Helpers - null
21:24:31.111 [ApplicationImpl pooled thread 81] INFO  c.b.l.BrowserStackRunExtension - junit
21:24:31.112 [ApplicationImpl pooled thread 81] INFO  com.browserstack.utils.Helpers - null
21:24:31.113 [ApplicationImpl pooled thread 81] INFO  c.b.l.BrowserStackRunExtension - Agent path: null
21:25:49.882 [ApplicationImpl pooled thread 78] INFO  c.b.l.BrowserStackRunExtension - junit
21:25:49.883 [ApplicationImpl pooled thread 78] INFO  com.browserstack.utils.Helpers - null
21:25:49.884 [ApplicationImpl pooled thread 78] INFO  c.b.l.BrowserStackRunExtension - Agent path: null
21:26:53.020 [ApplicationImpl pooled thread 81] INFO  c.b.l.BrowserStackRunExtension - junit
21:26:53.021 [ApplicationImpl pooled thread 81] INFO  com.browserstack.utils.Helpers - null
21:26:53.023 [ApplicationImpl pooled thread 81] INFO  c.b.l.BrowserStackRunExtension - Agent path: null
21:28:35.052 [ApplicationImpl pooled thread 80] INFO  c.b.l.BrowserStackRunExtension - junit
21:28:35.052 [ApplicationImpl pooled thread 80] INFO  com.browserstack.utils.Helpers - null
21:28:35.054 [ApplicationImpl pooled thread 80] INFO  c.b.l.BrowserStackRunExtension - Agent path: null
21:32:40.200 [ApplicationImpl pooled thread 80] INFO  c.b.l.BrowserStackRunExtension - junit
21:32:40.200 [ApplicationImpl pooled thread 80] INFO  com.browserstack.utils.Helpers - null
21:32:40.201 [ApplicationImpl pooled thread 80] INFO  c.b.l.BrowserStackRunExtension - Agent path: null
21:35:37.251 [ApplicationImpl pooled thread 82] INFO  c.b.l.BrowserStackRunExtension - junit
21:35:37.251 [ApplicationImpl pooled thread 82] INFO  com.browserstack.utils.Helpers - null
21:35:37.253 [ApplicationImpl pooled thread 82] INFO  c.b.l.BrowserStackRunExtension - Agent path: null
21:36:18.352 [ApplicationImpl pooled thread 91] INFO  c.b.l.BrowserStackRunExtension - junit
21:36:18.352 [ApplicationImpl pooled thread 91] INFO  com.browserstack.utils.Helpers - null
21:36:18.353 [ApplicationImpl pooled thread 91] INFO  c.b.l.BrowserStackRunExtension - Agent path: null
21:38:51.661 [ApplicationImpl pooled thread 91] INFO  c.b.l.BrowserStackRunExtension - junit
21:38:51.662 [ApplicationImpl pooled thread 91] INFO  com.browserstack.utils.Helpers - null
21:38:51.664 [ApplicationImpl pooled thread 91] INFO  c.b.l.BrowserStackRunExtension - Agent path: null
21:39:34.634 [ApplicationImpl pooled thread 106] INFO  c.b.l.BrowserStackRunExtension - junit
21:39:34.634 [ApplicationImpl pooled thread 106] INFO  com.browserstack.utils.Helpers - null
21:39:34.636 [ApplicationImpl pooled thread 106] INFO  c.b.l.BrowserStackRunExtension - Agent path: null
21:40:55.480 [ApplicationImpl pooled thread 106] INFO  c.b.l.BrowserStackRunExtension - junit
21:40:55.480 [ApplicationImpl pooled thread 106] INFO  com.browserstack.utils.Helpers - null
21:40:55.481 [ApplicationImpl pooled thread 106] INFO  c.b.l.BrowserStackRunExtension - Agent path: null
21:41:34.015 [ApplicationImpl pooled thread 122] INFO  c.b.l.BrowserStackRunExtension - junit
21:41:34.015 [ApplicationImpl pooled thread 122] INFO  com.browserstack.utils.Helpers - null
21:41:34.017 [ApplicationImpl pooled thread 122] INFO  c.b.l.BrowserStackRunExtension - Agent path: null
21:45:31.384 [ApplicationImpl pooled thread 95] INFO  c.b.l.BrowserStackRunExtension - junit
21:45:31.384 [ApplicationImpl pooled thread 95] INFO  com.browserstack.utils.Helpers - null
21:45:31.386 [ApplicationImpl pooled thread 95] INFO  c.b.l.BrowserStackRunExtension - Agent path: null
21:47:13.962 [ApplicationImpl pooled thread 134] INFO  c.b.l.BrowserStackRunExtension - junit
21:47:13.962 [ApplicationImpl pooled thread 134] INFO  com.browserstack.utils.Helpers - null
21:47:13.964 [ApplicationImpl pooled thread 134] INFO  c.b.l.BrowserStackRunExtension - Agent path: null
21:48:45.245 [ApplicationImpl pooled thread 136] INFO  c.b.l.BrowserStackRunExtension - junit
21:48:45.246 [ApplicationImpl pooled thread 136] INFO  com.browserstack.utils.Helpers - null
21:48:45.248 [ApplicationImpl pooled thread 136] INFO  c.b.l.BrowserStackRunExtension - Agent path: null
21:48:58.332 [ApplicationImpl pooled thread 141] INFO  c.b.l.BrowserStackRunExtension - junit
21:48:58.332 [ApplicationImpl pooled thread 141] INFO  com.browserstack.utils.Helpers - null
21:48:58.334 [ApplicationImpl pooled thread 141] INFO  c.b.l.BrowserStackRunExtension - Agent path: null
21:50:01.079 [ApplicationImpl pooled thread 145] INFO  c.b.l.BrowserStackRunExtension - junit
21:50:01.080 [ApplicationImpl pooled thread 145] INFO  com.browserstack.utils.Helpers - null
21:50:01.081 [ApplicationImpl pooled thread 145] INFO  c.b.l.BrowserStackRunExtension - Agent path: null
21:50:31.372 [ApplicationImpl pooled thread 138] INFO  c.b.l.BrowserStackRunExtension - junit
21:50:31.372 [ApplicationImpl pooled thread 138] INFO  com.browserstack.utils.Helpers - null
21:50:31.373 [ApplicationImpl pooled thread 138] INFO  c.b.l.BrowserStackRunExtension - Agent path: null
21:52:40.969 [ApplicationImpl pooled thread 138] INFO  c.b.l.BrowserStackRunExtension - junit
21:52:40.969 [ApplicationImpl pooled thread 138] INFO  com.browserstack.utils.Helpers - null
21:52:40.984 [ApplicationImpl pooled thread 138] INFO  c.b.l.BrowserStackRunExtension - Agent path: null
21:58:28.792 [ApplicationImpl pooled thread 152] INFO  c.b.l.BrowserStackRunExtension - junit
21:58:28.794 [ApplicationImpl pooled thread 152] INFO  com.browserstack.utils.Helpers - null
21:58:28.800 [ApplicationImpl pooled thread 152] INFO  c.b.l.BrowserStackRunExtension - Agent path: null
22:00:46.842 [ApplicationImpl pooled thread 167] INFO  c.b.l.BrowserStackRunExtension - junit
22:00:46.842 [ApplicationImpl pooled thread 167] INFO  com.browserstack.utils.Helpers - null
22:00:46.849 [ApplicationImpl pooled thread 167] INFO  c.b.l.BrowserStackRunExtension - Agent path: null
22:00:56.672 [ApplicationImpl pooled thread 166] INFO  c.b.l.BrowserStackRunExtension - junit
22:00:56.672 [ApplicationImpl pooled thread 166] INFO  com.browserstack.utils.Helpers - null
22:00:56.679 [ApplicationImpl pooled thread 166] INFO  c.b.l.BrowserStackRunExtension - Agent path: null
22:01:12.590 [ApplicationImpl pooled thread 157] INFO  c.b.l.BrowserStackRunExtension - junit
22:01:12.590 [ApplicationImpl pooled thread 157] INFO  com.browserstack.utils.Helpers - null
22:01:12.597 [ApplicationImpl pooled thread 157] INFO  c.b.l.BrowserStackRunExtension - Agent path: null
22:02:43.749 [ApplicationImpl pooled thread 183] INFO  c.b.l.BrowserStackRunExtension - junit
22:02:43.749 [ApplicationImpl pooled thread 183] INFO  com.browserstack.utils.Helpers - null
22:02:43.756 [ApplicationImpl pooled thread 183] INFO  c.b.l.BrowserStackRunExtension - Agent path: null
22:03:23.479 [ApplicationImpl pooled thread 182] INFO  c.b.l.BrowserStackRunExtension - junit
22:03:23.479 [ApplicationImpl pooled thread 182] INFO  com.browserstack.utils.Helpers - null
22:03:23.480 [ApplicationImpl pooled thread 182] INFO  c.b.l.BrowserStackRunExtension - Agent path: null
22:04:19.638 [ApplicationImpl pooled thread 181] INFO  c.b.l.BrowserStackRunExtension - junit
22:04:19.638 [ApplicationImpl pooled thread 181] INFO  com.browserstack.utils.Helpers - null
22:04:19.639 [ApplicationImpl pooled thread 181] INFO  c.b.l.BrowserStackRunExtension - Agent path: null
22:06:02.287 [ApplicationImpl pooled thread 181] INFO  c.b.l.BrowserStackRunExtension - junit
22:06:02.287 [ApplicationImpl pooled thread 181] INFO  com.browserstack.utils.Helpers - null
22:06:02.287 [ApplicationImpl pooled thread 181] INFO  c.b.l.BrowserStackRunExtension - Agent path: null
22:07:03.410 [ApplicationImpl pooled thread 232] INFO  c.b.l.BrowserStackRunExtension - junit
22:07:03.410 [ApplicationImpl pooled thread 232] INFO  com.browserstack.utils.Helpers - null
22:07:03.410 [ApplicationImpl pooled thread 232] INFO  c.b.l.BrowserStackRunExtension - Agent path: null
22:09:19.715 [ApplicationImpl pooled thread 228] INFO  c.b.l.BrowserStackRunExtension - junit
22:09:19.716 [ApplicationImpl pooled thread 228] INFO  com.browserstack.utils.Helpers - null
22:09:19.716 [ApplicationImpl pooled thread 228] INFO  c.b.l.BrowserStackRunExtension - Agent path: null
22:11:57.612 [ApplicationImpl pooled thread 245] INFO  c.b.l.BrowserStackRunExtension - junit
22:11:57.612 [ApplicationImpl pooled thread 245] INFO  com.browserstack.utils.Helpers - null
22:11:57.621 [ApplicationImpl pooled thread 245] INFO  c.b.l.BrowserStackRunExtension - Agent path: null
22:12:20.146 [ApplicationImpl pooled thread 238] INFO  c.b.l.BrowserStackRunExtension - junit
22:12:20.146 [ApplicationImpl pooled thread 238] INFO  com.browserstack.utils.Helpers - null
22:12:20.154 [ApplicationImpl pooled thread 238] INFO  c.b.l.BrowserStackRunExtension - Agent path: null
22:14:34.733 [ApplicationImpl pooled thread 151] INFO  c.b.l.BrowserStackRunExtension - junit
22:14:34.733 [ApplicationImpl pooled thread 151] INFO  com.browserstack.utils.Helpers - null
22:14:34.734 [ApplicationImpl pooled thread 151] INFO  c.b.l.BrowserStackRunExtension - Agent path: null
22:17:16.370 [ApplicationImpl pooled thread 238] INFO  c.b.l.BrowserStackRunExtension - junit
22:17:16.371 [ApplicationImpl pooled thread 238] INFO  com.browserstack.utils.Helpers - null
22:17:16.371 [ApplicationImpl pooled thread 238] INFO  c.b.l.BrowserStackRunExtension - Agent path: null
22:19:17.883 [ApplicationImpl pooled thread 269] INFO  c.b.l.BrowserStackRunExtension - junit
22:19:17.883 [ApplicationImpl pooled thread 269] INFO  com.browserstack.utils.Helpers - null
22:19:17.884 [ApplicationImpl pooled thread 269] INFO  c.b.l.BrowserStackRunExtension - Agent path: null
22:21:05.002 [ApplicationImpl pooled thread 266] INFO  c.b.l.BrowserStackRunExtension - junit
22:21:05.002 [ApplicationImpl pooled thread 266] INFO  com.browserstack.utils.Helpers - null
22:21:05.004 [ApplicationImpl pooled thread 266] INFO  c.b.l.BrowserStackRunExtension - Agent path: null
22:25:54.608 [ApplicationImpl pooled thread 269] INFO  c.b.l.BrowserStackRunExtension - junit
22:25:54.608 [ApplicationImpl pooled thread 269] INFO  com.browserstack.utils.Helpers - null
22:25:54.609 [ApplicationImpl pooled thread 269] INFO  c.b.l.BrowserStackRunExtension - Agent path: null
22:26:12.134 [ApplicationImpl pooled thread 279] INFO  c.b.l.BrowserStackRunExtension - junit
22:26:12.134 [ApplicationImpl pooled thread 279] INFO  com.browserstack.utils.Helpers - null
22:26:12.135 [ApplicationImpl pooled thread 279] INFO  c.b.l.BrowserStackRunExtension - Agent path: null
22:26:35.824 [ApplicationImpl pooled thread 281] INFO  c.b.l.BrowserStackRunExtension - junit
22:26:35.824 [ApplicationImpl pooled thread 281] INFO  com.browserstack.utils.Helpers - null
22:26:35.824 [ApplicationImpl pooled thread 281] INFO  c.b.l.BrowserStackRunExtension - Agent path: null
22:30:17.137 [ApplicationImpl pooled thread 292] INFO  c.b.l.BrowserStackRunExtension - junit
22:30:17.137 [ApplicationImpl pooled thread 292] INFO  com.browserstack.utils.Helpers - null
22:30:17.138 [ApplicationImpl pooled thread 292] INFO  c.b.l.BrowserStackRunExtension - Agent path: null
22:30:28.546 [ApplicationImpl pooled thread 292] INFO  c.b.l.BrowserStackRunExtension - junit
22:30:28.546 [ApplicationImpl pooled thread 292] INFO  com.browserstack.utils.Helpers - null
22:30:28.546 [ApplicationImpl pooled thread 292] INFO  c.b.l.BrowserStackRunExtension - Agent path: null
18:28:38.960 [ApplicationImpl pooled thread 34] INFO  c.b.l.BrowserStackRunExtension - junit
18:28:38.962 [ApplicationImpl pooled thread 34] INFO  com.browserstack.utils.Helpers - null
18:28:38.963 [ApplicationImpl pooled thread 34] INFO  c.b.l.BrowserStackRunExtension - Agent path: null
18:29:09.077 [ApplicationImpl pooled thread 52] INFO  c.b.l.BrowserStackRunExtension - junit
18:29:09.078 [ApplicationImpl pooled thread 52] INFO  com.browserstack.utils.Helpers - null
18:29:09.078 [ApplicationImpl pooled thread 52] INFO  c.b.l.BrowserStackRunExtension - Agent path: null
18:32:21.327 [ApplicationImpl pooled thread 57] INFO  c.b.l.BrowserStackRunExtension - junit
18:32:21.327 [ApplicationImpl pooled thread 57] INFO  com.browserstack.utils.Helpers - null
18:32:21.328 [ApplicationImpl pooled thread 57] INFO  c.b.l.BrowserStackRunExtension - Agent path: null
18:38:42.654 [ApplicationImpl pooled thread 75] INFO  c.b.l.BrowserStackRunExtension - junit
18:38:42.655 [ApplicationImpl pooled thread 75] INFO  com.browserstack.utils.Helpers - null
18:38:42.656 [ApplicationImpl pooled thread 75] INFO  c.b.l.BrowserStackRunExtension - Agent path: null
18:39:55.423 [ApplicationImpl pooled thread 64] INFO  c.b.l.BrowserStackRunExtension - junit
18:39:55.424 [ApplicationImpl pooled thread 64] INFO  com.browserstack.utils.Helpers - null
18:39:55.425 [ApplicationImpl pooled thread 64] INFO  c.b.l.BrowserStackRunExtension - Agent path: null
18:40:18.185 [ApplicationImpl pooled thread 73] INFO  c.b.l.BrowserStackRunExtension - junit
18:40:18.186 [ApplicationImpl pooled thread 73] INFO  com.browserstack.utils.Helpers - null
18:40:18.187 [ApplicationImpl pooled thread 73] INFO  c.b.l.BrowserStackRunExtension - Agent path: null
18:42:01.892 [ApplicationImpl pooled thread 90] INFO  c.b.l.BrowserStackRunExtension - junit
18:42:01.892 [ApplicationImpl pooled thread 90] INFO  com.browserstack.utils.Helpers - null
18:42:01.900 [ApplicationImpl pooled thread 90] INFO  c.b.l.BrowserStackRunExtension - Agent path: null
18:44:19.856 [ApplicationImpl pooled thread 96] INFO  c.b.l.BrowserStackRunExtension - junit
18:44:19.856 [ApplicationImpl pooled thread 96] INFO  com.browserstack.utils.Helpers - null
18:44:19.864 [ApplicationImpl pooled thread 96] INFO  c.b.l.BrowserStackRunExtension - Agent path: null
18:44:53.404 [ApplicationImpl pooled thread 99] INFO  c.b.l.BrowserStackRunExtension - junit
18:44:53.404 [ApplicationImpl pooled thread 99] INFO  com.browserstack.utils.Helpers - null
18:44:53.412 [ApplicationImpl pooled thread 99] INFO  c.b.l.BrowserStackRunExtension - Agent path: null
18:46:16.721 [ApplicationImpl pooled thread 107] INFO  c.b.l.BrowserStackRunExtension - junit
18:46:16.721 [ApplicationImpl pooled thread 107] INFO  com.browserstack.utils.Helpers - null
18:46:16.729 [ApplicationImpl pooled thread 107] INFO  c.b.l.BrowserStackRunExtension - Agent path: null
18:47:07.077 [ApplicationImpl pooled thread 107] INFO  c.b.l.BrowserStackRunExtension - junit
18:47:07.077 [ApplicationImpl pooled thread 107] INFO  com.browserstack.utils.Helpers - null
18:47:07.084 [ApplicationImpl pooled thread 107] INFO  c.b.l.BrowserStackRunExtension - Agent path: null
18:49:16.990 [ApplicationImpl pooled thread 105] INFO  c.b.l.BrowserStackRunExtension - junit
18:49:16.990 [ApplicationImpl pooled thread 105] INFO  com.browserstack.utils.Helpers - null
18:49:16.992 [ApplicationImpl pooled thread 105] INFO  c.b.l.BrowserStackRunExtension - Agent path: null
18:49:50.467 [ApplicationImpl pooled thread 110] INFO  c.b.l.BrowserStackRunExtension - junit
18:49:50.467 [ApplicationImpl pooled thread 110] INFO  com.browserstack.utils.Helpers - null
18:49:50.468 [ApplicationImpl pooled thread 110] INFO  c.b.l.BrowserStackRunExtension - Agent path: null
18:51:38.414 [ApplicationImpl pooled thread 105] INFO  c.b.l.BrowserStackRunExtension - junit
18:51:38.414 [ApplicationImpl pooled thread 105] INFO  com.browserstack.utils.Helpers - null
18:51:38.414 [ApplicationImpl pooled thread 105] INFO  c.b.l.BrowserStackRunExtension - Agent path: null
18:52:03.885 [ApplicationImpl pooled thread 80] INFO  c.b.l.BrowserStackRunExtension - junit
18:52:03.886 [ApplicationImpl pooled thread 80] INFO  com.browserstack.utils.Helpers - null
18:52:03.886 [ApplicationImpl pooled thread 80] INFO  c.b.l.BrowserStackRunExtension - Agent path: null
18:54:25.437 [ApplicationImpl pooled thread 80] INFO  c.b.l.BrowserStackRunExtension - junit
18:54:25.437 [ApplicationImpl pooled thread 80] INFO  com.browserstack.utils.Helpers - null
18:54:25.438 [ApplicationImpl pooled thread 80] INFO  c.b.l.BrowserStackRunExtension - Agent path: null
19:02:42.073 [ApplicationImpl pooled thread 128] INFO  c.b.l.BrowserStackRunExtension - junit
19:02:42.073 [ApplicationImpl pooled thread 128] INFO  com.browserstack.utils.Helpers - null
19:02:42.073 [ApplicationImpl pooled thread 128] INFO  c.b.l.BrowserStackRunExtension - Agent path: null
19:07:14.542 [ApplicationImpl pooled thread 128] INFO  c.b.l.BrowserStackRunExtension - junit
19:07:14.542 [ApplicationImpl pooled thread 128] INFO  com.browserstack.utils.Helpers - null
19:07:14.543 [ApplicationImpl pooled thread 128] INFO  c.b.l.BrowserStackRunExtension - Agent path: null
19:07:29.778 [ApplicationImpl pooled thread 128] INFO  c.b.l.BrowserStackRunExtension - junit
19:07:29.779 [ApplicationImpl pooled thread 128] INFO  com.browserstack.utils.Helpers - null
19:07:29.780 [ApplicationImpl pooled thread 128] INFO  c.b.l.BrowserStackRunExtension - Agent path: null
19:08:54.539 [ApplicationImpl pooled thread 121] INFO  c.b.l.BrowserStackRunExtension - junit
19:08:54.539 [ApplicationImpl pooled thread 121] INFO  com.browserstack.utils.Helpers - null
19:08:54.541 [ApplicationImpl pooled thread 121] INFO  c.b.l.BrowserStackRunExtension - Agent path: null
19:10:25.121 [ApplicationImpl pooled thread 157] INFO  c.b.l.BrowserStackRunExtension - junit
19:10:25.122 [ApplicationImpl pooled thread 157] INFO  com.browserstack.utils.Helpers - null
19:10:25.123 [ApplicationImpl pooled thread 157] INFO  c.b.l.BrowserStackRunExtension - Agent path: null
19:12:18.753 [ApplicationImpl pooled thread 176] INFO  c.b.l.BrowserStackRunExtension - junit
19:12:18.753 [ApplicationImpl pooled thread 176] INFO  com.browserstack.utils.Helpers - null
19:12:18.753 [ApplicationImpl pooled thread 176] INFO  c.b.l.BrowserStackRunExtension - Agent path: null
19:16:08.024 [ApplicationImpl pooled thread 187] INFO  c.b.l.BrowserStackRunExtension - junit
19:16:08.025 [ApplicationImpl pooled thread 187] INFO  com.browserstack.utils.Helpers - null
19:16:08.025 [ApplicationImpl pooled thread 187] INFO  c.b.l.BrowserStackRunExtension - Agent path: null
19:17:58.455 [ApplicationImpl pooled thread 188] INFO  c.b.l.BrowserStackRunExtension - junit
19:17:58.456 [ApplicationImpl pooled thread 188] INFO  com.browserstack.utils.Helpers - null
19:17:58.456 [ApplicationImpl pooled thread 188] INFO  c.b.l.BrowserStackRunExtension - Agent path: null
19:18:16.065 [ApplicationImpl pooled thread 188] INFO  c.b.l.BrowserStackRunExtension - junit
19:18:16.065 [ApplicationImpl pooled thread 188] INFO  com.browserstack.utils.Helpers - null
19:18:16.067 [ApplicationImpl pooled thread 188] INFO  c.b.l.BrowserStackRunExtension - Agent path: null
19:19:14.327 [ApplicationImpl pooled thread 188] INFO  c.b.l.BrowserStackRunExtension - junit
19:19:14.327 [ApplicationImpl pooled thread 188] INFO  com.browserstack.utils.Helpers - null
19:19:14.328 [ApplicationImpl pooled thread 188] INFO  c.b.l.BrowserStackRunExtension - Agent path: null
19:20:22.674 [ApplicationImpl pooled thread 168] INFO  c.b.l.BrowserStackRunExtension - junit
19:20:22.674 [ApplicationImpl pooled thread 168] INFO  com.browserstack.utils.Helpers - null
19:20:22.675 [ApplicationImpl pooled thread 168] INFO  c.b.l.BrowserStackRunExtension - Agent path: null
19:20:35.354 [ApplicationImpl pooled thread 190] INFO  c.b.l.BrowserStackRunExtension - junit
19:20:35.354 [ApplicationImpl pooled thread 190] INFO  com.browserstack.utils.Helpers - null
19:20:35.355 [ApplicationImpl pooled thread 190] INFO  c.b.l.BrowserStackRunExtension - Agent path: null
19:26:48.547 [ApplicationImpl pooled thread 206] INFO  c.b.l.BrowserStackRunExtension - junit
19:26:48.547 [ApplicationImpl pooled thread 206] INFO  com.browserstack.utils.Helpers - null
19:26:48.549 [ApplicationImpl pooled thread 206] INFO  c.b.l.BrowserStackRunExtension - Agent path: null
19:30:54.595 [ApplicationImpl pooled thread 195] INFO  c.b.l.BrowserStackRunExtension - junit
19:30:54.595 [ApplicationImpl pooled thread 195] INFO  com.browserstack.utils.Helpers - null
19:30:54.595 [ApplicationImpl pooled thread 195] INFO  c.b.l.BrowserStackRunExtension - Agent path: null
19:31:28.299 [ApplicationImpl pooled thread 213] INFO  c.b.l.BrowserStackRunExtension - junit
19:31:28.299 [ApplicationImpl pooled thread 213] INFO  com.browserstack.utils.Helpers - null
19:31:28.303 [ApplicationImpl pooled thread 213] INFO  c.b.l.BrowserStackRunExtension - Agent path: null
19:33:09.049 [ApplicationImpl pooled thread 221] INFO  c.b.l.BrowserStackRunExtension - junit
19:33:09.049 [ApplicationImpl pooled thread 221] INFO  com.browserstack.utils.Helpers - null
19:33:09.051 [ApplicationImpl pooled thread 221] INFO  c.b.l.BrowserStackRunExtension - Agent path: null
19:34:32.582 [ApplicationImpl pooled thread 213] INFO  c.b.l.BrowserStackRunExtension - junit
19:34:32.582 [ApplicationImpl pooled thread 213] INFO  com.browserstack.utils.Helpers - null
19:34:32.582 [ApplicationImpl pooled thread 213] INFO  c.b.l.BrowserStackRunExtension - Agent path: null
19:36:41.719 [ApplicationImpl pooled thread 213] INFO  c.b.l.BrowserStackRunExtension - junit
19:36:41.719 [ApplicationImpl pooled thread 213] INFO  com.browserstack.utils.Helpers - null
19:36:41.719 [ApplicationImpl pooled thread 213] INFO  c.b.l.BrowserStackRunExtension - Agent path: null
19:36:53.897 [ApplicationImpl pooled thread 213] INFO  c.b.l.BrowserStackRunExtension - junit
19:36:53.897 [ApplicationImpl pooled thread 213] INFO  com.browserstack.utils.Helpers - null
19:36:53.898 [ApplicationImpl pooled thread 213] INFO  c.b.l.BrowserStackRunExtension - Agent path: null
19:37:34.182 [ApplicationImpl pooled thread 228] INFO  c.b.l.BrowserStackRunExtension - junit
19:37:34.183 [ApplicationImpl pooled thread 228] INFO  com.browserstack.utils.Helpers - null
19:37:34.183 [ApplicationImpl pooled thread 228] INFO  c.b.l.BrowserStackRunExtension - Agent path: null
19:40:01.090 [ApplicationImpl pooled thread 213] INFO  c.b.l.BrowserStackRunExtension - junit
19:40:01.091 [ApplicationImpl pooled thread 213] INFO  com.browserstack.utils.Helpers - null
19:40:01.092 [ApplicationImpl pooled thread 213] INFO  c.b.l.BrowserStackRunExtension - Agent path: null
19:44:34.874 [ApplicationImpl pooled thread 236] INFO  c.b.l.BrowserStackRunExtension - junit
19:44:34.874 [ApplicationImpl pooled thread 236] INFO  com.browserstack.utils.Helpers - null
19:44:34.875 [ApplicationImpl pooled thread 236] INFO  c.b.l.BrowserStackRunExtension - Agent path: null
19:44:57.415 [ApplicationImpl pooled thread 233] INFO  c.b.l.BrowserStackRunExtension - junit
19:44:57.415 [ApplicationImpl pooled thread 233] INFO  com.browserstack.utils.Helpers - null
19:44:57.417 [ApplicationImpl pooled thread 233] INFO  c.b.l.BrowserStackRunExtension - Agent path: null
19:51:55.160 [ApplicationImpl pooled thread 242] INFO  c.b.l.BrowserStackRunExtension - junit
19:51:55.160 [ApplicationImpl pooled thread 242] INFO  com.browserstack.utils.Helpers - null
19:51:55.161 [ApplicationImpl pooled thread 242] INFO  c.b.l.BrowserStackRunExtension - Agent path: null
19:58:39.804 [ApplicationImpl pooled thread 254] INFO  c.b.l.BrowserStackRunExtension - junit
19:58:39.804 [ApplicationImpl pooled thread 254] INFO  com.browserstack.utils.Helpers - null
19:58:39.812 [ApplicationImpl pooled thread 254] INFO  c.b.l.BrowserStackRunExtension - Agent path: null
20:02:09.748 [ApplicationImpl pooled thread 251] INFO  c.b.l.BrowserStackRunExtension - junit
20:02:09.749 [ApplicationImpl pooled thread 251] INFO  com.browserstack.utils.Helpers - null
20:02:09.751 [ApplicationImpl pooled thread 251] INFO  c.b.l.BrowserStackRunExtension - Agent path: null
20:02:40.528 [ApplicationImpl pooled thread 254] INFO  c.b.l.BrowserStackRunExtension - junit
20:02:40.528 [ApplicationImpl pooled thread 254] INFO  com.browserstack.utils.Helpers - null
20:02:40.530 [ApplicationImpl pooled thread 254] INFO  c.b.l.BrowserStackRunExtension - Agent path: null
20:10:07.896 [ApplicationImpl pooled thread 270] INFO  c.b.l.BrowserStackRunExtension - junit
20:10:07.896 [ApplicationImpl pooled thread 270] INFO  com.browserstack.utils.Helpers - null
20:10:07.896 [ApplicationImpl pooled thread 270] INFO  c.b.l.BrowserStackRunExtension - Agent path: null
20:10:53.046 [ApplicationImpl pooled thread 278] INFO  c.b.l.BrowserStackRunExtension - junit
20:10:53.046 [ApplicationImpl pooled thread 278] INFO  com.browserstack.utils.Helpers - null
20:10:53.047 [ApplicationImpl pooled thread 278] INFO  c.b.l.BrowserStackRunExtension - Agent path: null
20:12:24.917 [ApplicationImpl pooled thread 278] INFO  c.b.l.BrowserStackRunExtension - junit
20:12:24.917 [ApplicationImpl pooled thread 278] INFO  com.browserstack.utils.Helpers - null
20:12:24.917 [ApplicationImpl pooled thread 278] INFO  c.b.l.BrowserStackRunExtension - Agent path: null
20:14:16.230 [ApplicationImpl pooled thread 280] INFO  c.b.l.BrowserStackRunExtension - junit
20:14:16.230 [ApplicationImpl pooled thread 280] INFO  com.browserstack.utils.Helpers - null
20:14:16.231 [ApplicationImpl pooled thread 280] INFO  c.b.l.BrowserStackRunExtension - Agent path: null
20:14:59.976 [ApplicationImpl pooled thread 270] INFO  c.b.l.BrowserStackRunExtension - junit
20:14:59.976 [ApplicationImpl pooled thread 270] INFO  com.browserstack.utils.Helpers - null
20:14:59.977 [ApplicationImpl pooled thread 270] INFO  c.b.l.BrowserStackRunExtension - Agent path: null
20:30:33.875 [ApplicationImpl pooled thread 292] INFO  c.b.l.BrowserStackRunExtension - junit
20:30:33.875 [ApplicationImpl pooled thread 292] INFO  com.browserstack.utils.Helpers - null
20:30:33.875 [ApplicationImpl pooled thread 292] INFO  c.b.l.BrowserStackRunExtension - Agent path: null
20:35:29.052 [ApplicationImpl pooled thread 299] INFO  c.b.l.BrowserStackRunExtension - junit
20:35:29.052 [ApplicationImpl pooled thread 299] INFO  com.browserstack.utils.Helpers - null
20:35:29.054 [ApplicationImpl pooled thread 299] INFO  c.b.l.BrowserStackRunExtension - Agent path: null
20:41:04.354 [ApplicationImpl pooled thread 302] INFO  c.b.l.BrowserStackRunExtension - junit
20:41:04.354 [ApplicationImpl pooled thread 302] INFO  com.browserstack.utils.Helpers - null
20:41:04.355 [ApplicationImpl pooled thread 302] INFO  c.b.l.BrowserStackRunExtension - Agent path: null
20:44:14.825 [ApplicationImpl pooled thread 306] INFO  c.b.l.BrowserStackRunExtension - junit
20:44:14.825 [ApplicationImpl pooled thread 306] INFO  com.browserstack.utils.Helpers - null
20:44:14.827 [ApplicationImpl pooled thread 306] INFO  c.b.l.BrowserStackRunExtension - Agent path: null
20:45:55.492 [ApplicationImpl pooled thread 308] INFO  c.b.l.BrowserStackRunExtension - junit
20:45:55.492 [ApplicationImpl pooled thread 308] INFO  com.browserstack.utils.Helpers - null
20:45:55.493 [ApplicationImpl pooled thread 308] INFO  c.b.l.BrowserStackRunExtension - Agent path: null
20:58:30.537 [ApplicationImpl pooled thread 313] INFO  c.b.l.BrowserStackRunExtension - junit
20:58:30.537 [ApplicationImpl pooled thread 313] INFO  com.browserstack.utils.Helpers - null
20:58:30.538 [ApplicationImpl pooled thread 313] INFO  c.b.l.BrowserStackRunExtension - Agent path: null
20:59:11.213 [ApplicationImpl pooled thread 313] INFO  c.b.l.BrowserStackRunExtension - junit
20:59:11.213 [ApplicationImpl pooled thread 313] INFO  com.browserstack.utils.Helpers - null
20:59:11.213 [ApplicationImpl pooled thread 313] INFO  c.b.l.BrowserStackRunExtension - Agent path: null
20:59:44.847 [ApplicationImpl pooled thread 309] INFO  c.b.l.BrowserStackRunExtension - junit
20:59:44.847 [ApplicationImpl pooled thread 309] INFO  com.browserstack.utils.Helpers - null
20:59:44.849 [ApplicationImpl pooled thread 309] INFO  c.b.l.BrowserStackRunExtension - Agent path: null
21:00:41.931 [ApplicationImpl pooled thread 319] INFO  c.b.l.BrowserStackRunExtension - junit
21:00:41.931 [ApplicationImpl pooled thread 319] INFO  com.browserstack.utils.Helpers - null
21:00:41.932 [ApplicationImpl pooled thread 319] INFO  c.b.l.BrowserStackRunExtension - Agent path: null
21:00:52.647 [ApplicationImpl pooled thread 320] INFO  c.b.l.BrowserStackRunExtension - junit
21:00:52.647 [ApplicationImpl pooled thread 320] INFO  com.browserstack.utils.Helpers - null
21:00:52.647 [ApplicationImpl pooled thread 320] INFO  c.b.l.BrowserStackRunExtension - Agent path: null
21:01:16.023 [ApplicationImpl pooled thread 322] INFO  c.b.l.BrowserStackRunExtension - junit
21:01:16.024 [ApplicationImpl pooled thread 322] INFO  com.browserstack.utils.Helpers - null
21:01:16.025 [ApplicationImpl pooled thread 322] INFO  c.b.l.BrowserStackRunExtension - Agent path: null
21:01:29.821 [ApplicationImpl pooled thread 321] INFO  c.b.l.BrowserStackRunExtension - junit
21:01:29.821 [ApplicationImpl pooled thread 321] INFO  com.browserstack.utils.Helpers - null
21:01:29.823 [ApplicationImpl pooled thread 321] INFO  c.b.l.BrowserStackRunExtension - Agent path: null
21:01:48.088 [ApplicationImpl pooled thread 321] INFO  c.b.l.BrowserStackRunExtension - junit
21:01:48.088 [ApplicationImpl pooled thread 321] INFO  com.browserstack.utils.Helpers - null
21:01:48.088 [ApplicationImpl pooled thread 321] INFO  c.b.l.BrowserStackRunExtension - Agent path: null
21:02:14.501 [ApplicationImpl pooled thread 309] INFO  c.b.l.BrowserStackRunExtension - junit
21:02:14.501 [ApplicationImpl pooled thread 309] INFO  com.browserstack.utils.Helpers - null
21:02:14.502 [ApplicationImpl pooled thread 309] INFO  c.b.l.BrowserStackRunExtension - Agent path: null
21:04:10.370 [ApplicationImpl pooled thread 329] INFO  c.b.l.BrowserStackRunExtension - junit
21:04:10.370 [ApplicationImpl pooled thread 329] INFO  com.browserstack.utils.Helpers - null
21:04:10.371 [ApplicationImpl pooled thread 329] INFO  c.b.l.BrowserStackRunExtension - Agent path: null
21:07:52.035 [ApplicationImpl pooled thread 335] INFO  c.b.l.BrowserStackRunExtension - junit
21:07:52.035 [ApplicationImpl pooled thread 335] INFO  com.browserstack.utils.Helpers - null
21:07:52.037 [ApplicationImpl pooled thread 335] INFO  c.b.l.BrowserStackRunExtension - Agent path: null
21:08:43.438 [ApplicationImpl pooled thread 334] INFO  c.b.l.BrowserStackRunExtension - junit
21:08:43.438 [ApplicationImpl pooled thread 334] INFO  com.browserstack.utils.Helpers - null
21:08:43.439 [ApplicationImpl pooled thread 334] INFO  c.b.l.BrowserStackRunExtension - Agent path: null
21:09:01.264 [ApplicationImpl pooled thread 335] INFO  c.b.l.BrowserStackRunExtension - junit
21:09:01.264 [ApplicationImpl pooled thread 335] INFO  com.browserstack.utils.Helpers - null
21:09:01.265 [ApplicationImpl pooled thread 335] INFO  c.b.l.BrowserStackRunExtension - Agent path: null
21:09:09.238 [ApplicationImpl pooled thread 323] INFO  c.b.l.BrowserStackRunExtension - junit
21:09:09.238 [ApplicationImpl pooled thread 323] INFO  com.browserstack.utils.Helpers - null
21:09:09.238 [ApplicationImpl pooled thread 323] INFO  c.b.l.BrowserStackRunExtension - Agent path: null
21:10:19.079 [ApplicationImpl pooled thread 334] INFO  c.b.l.BrowserStackRunExtension - junit
21:10:19.079 [ApplicationImpl pooled thread 334] INFO  com.browserstack.utils.Helpers - null
21:10:19.080 [ApplicationImpl pooled thread 334] INFO  c.b.l.BrowserStackRunExtension - Agent path: null
21:11:05.029 [ApplicationImpl pooled thread 335] INFO  c.b.l.BrowserStackRunExtension - junit
21:11:05.029 [ApplicationImpl pooled thread 335] INFO  com.browserstack.utils.Helpers - null
21:11:05.030 [ApplicationImpl pooled thread 335] INFO  c.b.l.BrowserStackRunExtension - Agent path: null
21:11:50.512 [ApplicationImpl pooled thread 338] INFO  c.b.l.BrowserStackRunExtension - junit
21:11:50.512 [ApplicationImpl pooled thread 338] INFO  com.browserstack.utils.Helpers - null
21:11:50.512 [ApplicationImpl pooled thread 338] INFO  c.b.l.BrowserStackRunExtension - Agent path: null
21:13:45.908 [ApplicationImpl pooled thread 339] INFO  c.b.l.BrowserStackRunExtension - junit
21:13:45.908 [ApplicationImpl pooled thread 339] INFO  com.browserstack.utils.Helpers - null
21:13:45.909 [ApplicationImpl pooled thread 339] INFO  c.b.l.BrowserStackRunExtension - Agent path: null
21:14:50.260 [ApplicationImpl pooled thread 334] INFO  c.b.l.BrowserStackRunExtension - junit
21:14:50.261 [ApplicationImpl pooled thread 334] INFO  com.browserstack.utils.Helpers - null
21:14:50.262 [ApplicationImpl pooled thread 334] INFO  c.b.l.BrowserStackRunExtension - Agent path: null
21:15:20.280 [ApplicationImpl pooled thread 337] INFO  c.b.l.BrowserStackRunExtension - junit
21:15:20.280 [ApplicationImpl pooled thread 337] INFO  com.browserstack.utils.Helpers - null
21:15:20.281 [ApplicationImpl pooled thread 337] INFO  c.b.l.BrowserStackRunExtension - Agent path: null
21:17:08.180 [ApplicationImpl pooled thread 341] INFO  c.b.l.BrowserStackRunExtension - junit
21:17:08.180 [ApplicationImpl pooled thread 341] INFO  com.browserstack.utils.Helpers - null
21:17:08.181 [ApplicationImpl pooled thread 341] INFO  c.b.l.BrowserStackRunExtension - Agent path: null
21:18:43.043 [ApplicationImpl pooled thread 343] INFO  c.b.l.BrowserStackRunExtension - junit
21:18:43.043 [ApplicationImpl pooled thread 343] INFO  com.browserstack.utils.Helpers - null
21:18:43.043 [ApplicationImpl pooled thread 343] INFO  c.b.l.BrowserStackRunExtension - Agent path: null
21:21:47.095 [ApplicationImpl pooled thread 344] INFO  c.b.l.BrowserStackRunExtension - junit
21:21:47.095 [ApplicationImpl pooled thread 344] INFO  com.browserstack.utils.Helpers - null
21:21:47.096 [ApplicationImpl pooled thread 344] INFO  c.b.l.BrowserStackRunExtension - Agent path: null
21:27:18.288 [ApplicationImpl pooled thread 361] INFO  c.b.l.BrowserStackRunExtension - junit
21:27:18.288 [ApplicationImpl pooled thread 361] INFO  com.browserstack.utils.Helpers - null
21:27:18.290 [ApplicationImpl pooled thread 361] INFO  c.b.l.BrowserStackRunExtension - Agent path: null
21:27:55.388 [ApplicationImpl pooled thread 355] INFO  c.b.l.BrowserStackRunExtension - junit
21:27:55.388 [ApplicationImpl pooled thread 355] INFO  com.browserstack.utils.Helpers - null
21:27:55.388 [ApplicationImpl pooled thread 355] INFO  c.b.l.BrowserStackRunExtension - Agent path: null
21:29:49.469 [ApplicationImpl pooled thread 361] INFO  c.b.l.BrowserStackRunExtension - junit
21:29:49.469 [ApplicationImpl pooled thread 361] INFO  com.browserstack.utils.Helpers - null
21:29:49.470 [ApplicationImpl pooled thread 361] INFO  c.b.l.BrowserStackRunExtension - Agent path: null
21:34:54.416 [ApplicationImpl pooled thread 372] INFO  c.b.l.BrowserStackRunExtension - junit
21:34:54.416 [ApplicationImpl pooled thread 372] INFO  com.browserstack.utils.Helpers - null
21:34:54.418 [ApplicationImpl pooled thread 372] INFO  c.b.l.BrowserStackRunExtension - Agent path: null
21:39:41.584 [ApplicationImpl pooled thread 371] INFO  c.b.l.BrowserStackRunExtension - junit
21:39:41.584 [ApplicationImpl pooled thread 371] INFO  com.browserstack.utils.Helpers - null
21:39:41.585 [ApplicationImpl pooled thread 371] INFO  c.b.l.BrowserStackRunExtension - Agent path: null
21:43:20.735 [ApplicationImpl pooled thread 367] INFO  c.b.l.BrowserStackRunExtension - junit
21:43:20.735 [ApplicationImpl pooled thread 367] INFO  com.browserstack.utils.Helpers - null
21:43:20.736 [ApplicationImpl pooled thread 367] INFO  c.b.l.BrowserStackRunExtension - Agent path: null
21:43:57.235 [ApplicationImpl pooled thread 370] INFO  c.b.l.BrowserStackRunExtension - junit
21:43:57.236 [ApplicationImpl pooled thread 370] INFO  com.browserstack.utils.Helpers - null
21:43:57.237 [ApplicationImpl pooled thread 370] INFO  c.b.l.BrowserStackRunExtension - Agent path: null
21:46:41.343 [ApplicationImpl pooled thread 374] INFO  c.b.l.BrowserStackRunExtension - junit
21:46:41.343 [ApplicationImpl pooled thread 374] INFO  com.browserstack.utils.Helpers - null
21:46:41.344 [ApplicationImpl pooled thread 374] INFO  c.b.l.BrowserStackRunExtension - Agent path: null
21:50:30.936 [ApplicationImpl pooled thread 381] INFO  c.b.l.BrowserStackRunExtension - junit
21:50:30.936 [ApplicationImpl pooled thread 381] INFO  com.browserstack.utils.Helpers - null
21:50:30.937 [ApplicationImpl pooled thread 381] INFO  c.b.l.BrowserStackRunExtension - Agent path: null
21:52:28.845 [ApplicationImpl pooled thread 390] INFO  c.b.l.BrowserStackRunExtension - junit
21:52:28.846 [ApplicationImpl pooled thread 390] INFO  com.browserstack.utils.Helpers - null
21:52:28.846 [ApplicationImpl pooled thread 390] INFO  c.b.l.BrowserStackRunExtension - Agent path: null
21:52:46.882 [ApplicationImpl pooled thread 389] INFO  c.b.l.BrowserStackRunExtension - junit
21:52:46.882 [ApplicationImpl pooled thread 389] INFO  com.browserstack.utils.Helpers - null
21:52:46.883 [ApplicationImpl pooled thread 389] INFO  c.b.l.BrowserStackRunExtension - Agent path: null
21:53:26.014 [ApplicationImpl pooled thread 390] INFO  c.b.l.BrowserStackRunExtension - junit
21:53:26.014 [ApplicationImpl pooled thread 390] INFO  com.browserstack.utils.Helpers - null
21:53:26.014 [ApplicationImpl pooled thread 390] INFO  c.b.l.BrowserStackRunExtension - Agent path: null
21:54:16.431 [ApplicationImpl pooled thread 392] INFO  c.b.l.BrowserStackRunExtension - junit
21:54:16.431 [ApplicationImpl pooled thread 392] INFO  com.browserstack.utils.Helpers - null
21:54:16.433 [ApplicationImpl pooled thread 392] INFO  c.b.l.BrowserStackRunExtension - Agent path: null
21:55:24.764 [ApplicationImpl pooled thread 392] INFO  c.b.l.BrowserStackRunExtension - junit
21:55:24.764 [ApplicationImpl pooled thread 392] INFO  com.browserstack.utils.Helpers - null
21:55:24.765 [ApplicationImpl pooled thread 392] INFO  c.b.l.BrowserStackRunExtension - Agent path: null
21:59:13.286 [ApplicationImpl pooled thread 401] INFO  c.b.l.BrowserStackRunExtension - junit
21:59:13.286 [ApplicationImpl pooled thread 401] INFO  com.browserstack.utils.Helpers - null
21:59:13.286 [ApplicationImpl pooled thread 401] INFO  c.b.l.BrowserStackRunExtension - Agent path: null
22:06:53.327 [ApplicationImpl pooled thread 392] INFO  c.b.l.BrowserStackRunExtension - junit
22:06:53.327 [ApplicationImpl pooled thread 392] INFO  com.browserstack.utils.Helpers - null
22:06:53.329 [ApplicationImpl pooled thread 392] INFO  c.b.l.BrowserStackRunExtension - Agent path: null
22:07:07.491 [ApplicationImpl pooled thread 392] INFO  c.b.l.BrowserStackRunExtension - junit
22:07:07.491 [ApplicationImpl pooled thread 392] INFO  com.browserstack.utils.Helpers - null
22:07:07.491 [ApplicationImpl pooled thread 392] INFO  c.b.l.BrowserStackRunExtension - Agent path: null
14:00:17.105 [ApplicationImpl pooled thread 25] INFO  c.b.l.BrowserStackRunExtension - junit
14:00:17.107 [ApplicationImpl pooled thread 25] INFO  com.browserstack.utils.Helpers - null
14:00:17.107 [ApplicationImpl pooled thread 25] INFO  c.b.l.BrowserStackRunExtension - Agent path: null
14:01:11.796 [ApplicationImpl pooled thread 25] INFO  c.b.l.BrowserStackRunExtension - junit
14:01:11.796 [ApplicationImpl pooled thread 25] INFO  com.browserstack.utils.Helpers - null
14:01:11.797 [ApplicationImpl pooled thread 25] INFO  c.b.l.BrowserStackRunExtension - Agent path: null
14:01:37.862 [ApplicationImpl pooled thread 24] INFO  c.b.l.BrowserStackRunExtension - junit
14:01:37.862 [ApplicationImpl pooled thread 24] INFO  com.browserstack.utils.Helpers - null
14:01:37.863 [ApplicationImpl pooled thread 24] INFO  c.b.l.BrowserStackRunExtension - Agent path: null
14:02:01.741 [ApplicationImpl pooled thread 7] INFO  c.b.l.BrowserStackRunExtension - junit
14:02:01.741 [ApplicationImpl pooled thread 7] INFO  com.browserstack.utils.Helpers - null
14:02:01.743 [ApplicationImpl pooled thread 7] INFO  c.b.l.BrowserStackRunExtension - Agent path: null
